[08:09:40.300][INFO][CraftTweaker-EarlyInit]: CraftTweaker is running on a Minecraft 1.20.1 production server modded with platform Forge
[08:09:40.333][INFO][CraftTweaker-EarlyInit]: Successfully injected RecipeFS file system
[08:09:40.439][INFO][CraftTweaker-Plugins]: Successfully identified and loaded plugin jeitweaker:common
[08:09:40.458][INFO][CraftTweaker-Plugins]: Successfully identified and loaded plugin crafttweaker:builtin
[08:09:40.459][INFO][CraftTweaker-Plugins]: Successfully identified and loaded plugin crafttweaker:builtin_forge
[08:09:40.498][INFO][JEITweaker]: Identified JeiTweaker plugin 'jeitweaker:forge': loading scheduled
[08:09:40.498][INFO][JEITweaker]: Identified JeiTweaker plugin 'jeitweaker:common': loading scheduled
[08:09:40.518][INFO][JEITweaker]: JEITweaker Environmental Check: the combination of mods [jei] is fully supported
[08:09:40.519][INFO][JEITweaker]: Running JeiTweaker plugin initialization
[08:09:40.529][INFO][JEITweaker]: JeiTweaker plugin initialization completed successfully
[08:09:41.556][INFO][CraftTweaker]: The following mods have explicit CraftTweaker support through the default plugin:
[08:09:41.563][INFO][CraftTweaker]: - 'crafttweaker' at version '14.0.40'
[08:09:41.563][INFO][CraftTweaker]: - 'jeitweaker' at version '8.0.6'
[08:09:49.986][INFO][CraftTweaker-ZenCode]: Started loading scripts for loader 'initialize'
[08:09:50.667][INFO][CraftTweaker-ZenCode]: Compiling and executing scripts
[08:09:50.700][INFO][CraftTweaker-ZenCode]: Successfully initialized modules [crafttweaker, expansions]
[08:09:50.858][INFO][CraftTweaker-ZenCode]: Execution for loader 'initialize' completed successfully
[08:10:03.969][INFO][CraftTweaker-ZenCode]: Started loading scripts for loader 'tags'
[08:10:04.006][INFO][CraftTweaker-ZenCode]: Compiling and executing scripts
[08:10:04.027][INFO][CraftTweaker-ZenCode]: Successfully initialized modules [crafttweaker, expansions]
[08:10:04.039][INFO][CraftTweaker-ZenCode]: Execution for loader 'tags' completed successfully
[08:10:04.998][INFO][CraftTweaker]: crafttweaker.reload.start
[08:10:05.003][INFO][CraftTweaker-ZenCode]: Started loading scripts for loader 'crafttweaker'
[08:10:05.042][INFO][CraftTweaker-ZenCode]: Compiling and executing scripts
[08:10:05.539][INFO][CraftTweaker-ZenCode]: Successfully initialized modules [mods, crafttweaker, expansions]
[08:10:05.572][INFO][CraftTweaker-ZenCode]: Execution for loader 'crafttweaker' completed successfully
[08:10:05.574][INFO][CraftTweaker]: crafttweaker.reload.complete
